<?xml version="1.0" encoding="UTF-8"?>
<testsuite name="de.tomgrill.gdxtesting.core.UnitTestExample" tests="2" skipped="0" failures="0" errors="0" timestamp="2018-09-07T08:05:03" hostname="michel-desktop" time="0.016">
  <properties/>
  <testcase name="correctWidgetSize" classname="de.tomgrill.gdxtesting.core.UnitTestExample" time="0.014"/>
  <testcase name="correctStatsSpacing" classname="de.tomgrill.gdxtesting.core.UnitTestExample" time="0.001"/>
  <system-out><![CDATA[]]></system-out>
  <system-err><![CDATA[]]></system-err>
</testsuite>
